<?xml version="1.0" encoding="UTF-8"?>
<!-- Generated by org.testng.reporters.JUnitReportReporter -->
<testsuite hostname="SUYPC158" failures="0" tests="5" name="RestAssuredTest.TC006_BasicValidation_XML" time="9.272" errors="0" timestamp="12 Jul 2019 11:28:22 GMT" skipped="0">
  <testcase classname="RestAssuredTest.TC006_BasicValidation_XML" name="verifySingleContent" time="5.560"/>
  <testcase classname="RestAssuredTest.TC006_BasicValidation_XML" name="verifyMultipleContent" time="0.926"/>
  <testcase classname="RestAssuredTest.TC006_BasicValidation_XML" name="verifyMultipleContentInOneGo" time="0.868"/>
  <testcase classname="RestAssuredTest.TC006_BasicValidation_XML" name="verifyContentWithXpath" time="1.035"/>
  <testcase classname="RestAssuredTest.TC006_BasicValidation_XML" name="verifyContentWithXpathSecondMethod" time="0.883"/>
</testsuite> <!-- RestAssuredTest.TC006_BasicValidation_XML -->
