<?xml version="1.0" encoding="UTF-8"?>
<!-- Generated by org.testng.reporters.JUnitReportReporter -->
<testsuite hostname="SUYPC158" failures="0" tests="1" name="RestAssuredTest.TC002_POST_Request" time="2.603" errors="0" timestamp="12 Jul 2019 11:25:09 GMT" skipped="0">
  <testcase classname="RestAssuredTest.TC002_POST_Request" name="postCustomerRegistation" time="2.603"/>
</testsuite> <!-- RestAssuredTest.TC002_POST_Request -->
