<?xml version="1.0" encoding="UTF-8"?>
<!-- Generated by org.testng.reporters.JUnitReportReporter -->
<testsuite skipped="0" hostname="SUYPC158" name="RestAssuredTest.TC004_DELETE_Request" tests="1" failures="0" timestamp="28 Jun 2019 06:42:55 GMT" time="2.547" errors="0">
  <testcase name="DeleteRequest" time="2.547" classname="RestAssuredTest.TC004_DELETE_Request"/>
</testsuite> <!-- RestAssuredTest.TC004_DELETE_Request -->
