<?xml version="1.0" encoding="UTF-8"?>
<!-- Generated by org.testng.reporters.JUnitReportReporter -->
<testsuite hostname="SUYPC158" failures="0" tests="1" name="RestAssuredTest.TC001_GET_Request" time="5.268" errors="0" timestamp="02 Aug 2019 09:41:10 GMT" skipped="0">
  <testcase classname="RestAssuredTest.TC001_GET_Request" name="getweatherDetails" time="5.268"/>
</testsuite> <!-- RestAssuredTest.TC001_GET_Request -->
