<?xml version="1.0" encoding="UTF-8"?>
<!-- Generated by org.testng.reporters.JUnitReportReporter -->
<testsuite skipped="0" hostname="SUYPC158" name="RestAssuredTest.TC005_BasicValidation_JsonResponse" tests="5" failures="0" timestamp="28 Jun 2019 07:32:00 GMT" time="5.314" errors="0">
  <testcase name="testStatusCode" time="2.022" classname="RestAssuredTest.TC005_BasicValidation_JsonResponse"/>
  <testcase name="logResponse" time="0.834" classname="RestAssuredTest.TC005_BasicValidation_JsonResponse"/>
  <testcase name="verifySingleContent" time="0.953" classname="RestAssuredTest.TC005_BasicValidation_JsonResponse"/>
  <testcase name="setParametersAndHeaders" time="0.626" classname="RestAssuredTest.TC005_BasicValidation_JsonResponse"/>
  <testcase name="verifyMultipleContent" time="0.879" classname="RestAssuredTest.TC005_BasicValidation_JsonResponse"/>
</testsuite> <!-- RestAssuredTest.TC005_BasicValidation_JsonResponse -->
