<?xml version="1.0" encoding="UTF-8"?>
<!-- Generated by org.testng.reporters.JUnitReportReporter -->
<testsuite skipped="0" hostname="SUYPC158" name="RestAssuredTest.TC003_PUT_Request" tests="1" failures="0" timestamp="28 Jun 2019 06:21:44 GMT" time="2.417" errors="0">
  <testcase name="putTest" time="2.417" classname="RestAssuredTest.TC003_PUT_Request"/>
</testsuite> <!-- RestAssuredTest.TC003_PUT_Request -->
